c:\users\ob\desktop\github\d2h\d2h\x64\release\vc143.pdb
c:\users\ob\desktop\github\d2h\d2h\x64\release\d2h.obj
c:\users\ob\source\repos\d2h\x64\release\d2h.exe
c:\users\ob\source\repos\d2h\x64\release\d2h.pdb
c:\users\ob\desktop\github\d2h\x64\release\d2h.exe
c:\users\ob\desktop\github\d2h\x64\release\d2h.pdb
c:\users\ob\source\repos\d2h\d2h\x64\release\d2h.res
c:\users\ob\desktop\github\d2h\d2h\x64\release\d2h.res
c:\users\ob\desktop\github\d2h\d2h\x64\release\d2h.ipdb
c:\users\ob\desktop\github\d2h\d2h\x64\release\d2h.iobj
c:\users\ob\desktop\github\d2h\d2h\x64\release\d2h.tlog\cl.command.1.tlog
c:\users\ob\desktop\github\d2h\d2h\x64\release\d2h.tlog\cl.items.tlog
c:\users\ob\desktop\github\d2h\d2h\x64\release\d2h.tlog\cl.read.1.tlog
c:\users\ob\desktop\github\d2h\d2h\x64\release\d2h.tlog\cl.write.1.tlog
c:\users\ob\desktop\github\d2h\d2h\x64\release\d2h.tlog\link.command.1.tlog
c:\users\ob\desktop\github\d2h\d2h\x64\release\d2h.tlog\link.read.1.tlog
c:\users\ob\desktop\github\d2h\d2h\x64\release\d2h.tlog\link.secondary.1.tlog
c:\users\ob\desktop\github\d2h\d2h\x64\release\d2h.tlog\link.write.1.tlog
c:\users\ob\desktop\github\d2h\d2h\x64\release\d2h.tlog\rc.command.1.tlog
c:\users\ob\desktop\github\d2h\d2h\x64\release\d2h.tlog\rc.read.1.tlog
c:\users\ob\desktop\github\d2h\d2h\x64\release\d2h.tlog\rc.write.1.tlog
