  WavRenameGladius.cpp
C:\Program Files\Microsoft Visual Studio\2022\Community\VC\Tools\MSVC\14.44.35207\include\filesystem(12): warning STL4038: The contents of <filesystem> are available only with C++17 or later.
C:\Users\ob\Desktop\Github\WavRenameGladius\WavRenameGladius\WavRenameGladius.cpp(53,34): error C3083: 'filesystem': the symbol to the left of a '::' must be a type
C:\Users\ob\Desktop\Github\WavRenameGladius\WavRenameGladius\WavRenameGladius.cpp(53,46): error C2039: 'path': is not a member of 'std'
      C:\Program Files\Microsoft Visual Studio\2022\Community\VC\Tools\MSVC\14.44.35207\include\iomanip(22,1):
      see declaration of 'std'
  
C:\Users\ob\Desktop\Github\WavRenameGladius\WavRenameGladius\WavRenameGladius.cpp(53,23): error C4430: missing type specifier - int assumed. Note: C++ does not support default-int
C:\Users\ob\Desktop\Github\WavRenameGladius\WavRenameGladius\WavRenameGladius.cpp(53,50): error C2143: syntax error: missing ',' before '&'
C:\Users\ob\Desktop\Github\WavRenameGladius\WavRenameGladius\WavRenameGladius.cpp(54,24): error C2065: 'p': undeclared identifier
C:\Users\ob\Desktop\Github\WavRenameGladius\WavRenameGladius\WavRenameGladius.cpp(141,16): error C3083: 'filesystem': the symbol to the left of a '::' must be a type
C:\Users\ob\Desktop\Github\WavRenameGladius\WavRenameGladius\WavRenameGladius.cpp(141,28): error C2039: 'path': is not a member of 'std'
      C:\Program Files\Microsoft Visual Studio\2022\Community\VC\Tools\MSVC\14.44.35207\include\iomanip(22,1):
      see declaration of 'std'
  
C:\Users\ob\Desktop\Github\WavRenameGladius\WavRenameGladius\WavRenameGladius.cpp(141,5): error C4430: missing type specifier - int assumed. Note: C++ does not support default-int
C:\Users\ob\Desktop\Github\WavRenameGladius\WavRenameGladius\WavRenameGladius.cpp(141,32): error C2143: syntax error: missing ',' before '&'
C:\Users\ob\Desktop\Github\WavRenameGladius\WavRenameGladius\WavRenameGladius.cpp(149,5): error C2065: 'outNameToRename': undeclared identifier
C:\Users\ob\Desktop\Github\WavRenameGladius\WavRenameGladius\WavRenameGladius.cpp(150,5): error C2065: 'outSoundDataFiles': undeclared identifier
C:\Users\ob\Desktop\Github\WavRenameGladius\WavRenameGladius\WavRenameGladius.cpp(151,5): error C2065: 'outSimpleEvents': undeclared identifier
C:\Users\ob\Desktop\Github\WavRenameGladius\WavRenameGladius\WavRenameGladius.cpp(152,5): error C2065: 'outRandomEvents': undeclared identifier
C:\Users\ob\Desktop\Github\WavRenameGladius\WavRenameGladius\WavRenameGladius.cpp(153,5): error C2065: 'outCompoundEvents': undeclared identifier
C:\Users\ob\Desktop\Github\WavRenameGladius\WavRenameGladius\WavRenameGladius.cpp(154,5): error C2065: 'outEventMapEntriesList': undeclared identifier
C:\Users\ob\Desktop\Github\WavRenameGladius\WavRenameGladius\WavRenameGladius.cpp(156,31): error C2065: 'floPath': undeclared identifier
C:\Users\ob\Desktop\Github\WavRenameGladius\WavRenameGladius\WavRenameGladius.cpp(158,60): error C2065: 'floPath': undeclared identifier
C:\Users\ob\Desktop\Github\WavRenameGladius\WavRenameGladius\WavRenameGladius.cpp(189,21): error C2065: 'outSoundDataFiles': undeclared identifier
C:\Users\ob\Desktop\Github\WavRenameGladius\WavRenameGladius\WavRenameGladius.cpp(197,21): error C2065: 'outSimpleEvents': undeclared identifier
C:\Users\ob\Desktop\Github\WavRenameGladius\WavRenameGladius\WavRenameGladius.cpp(219,21): error C2065: 'outRandomEvents': undeclared identifier
C:\Users\ob\Desktop\Github\WavRenameGladius\WavRenameGladius\WavRenameGladius.cpp(239,21): error C2065: 'outCompoundEvents': undeclared identifier
C:\Users\ob\Desktop\Github\WavRenameGladius\WavRenameGladius\WavRenameGladius.cpp(254,21): error C2065: 'outEventMapEntriesList': undeclared identifier
C:\Users\ob\Desktop\Github\WavRenameGladius\WavRenameGladius\WavRenameGladius.cpp(317,33): error C2065: 'outEventMapEntriesList': undeclared identifier
C:\Users\ob\Desktop\Github\WavRenameGladius\WavRenameGladius\WavRenameGladius.cpp(317,22): error C2530: 'em_entry': references must be initialized
C:\Users\ob\Desktop\Github\WavRenameGladius\WavRenameGladius\WavRenameGladius.cpp(317,22): error C3531: 'em_entry': a symbol whose type contains 'auto' must have an initializer
C:\Users\ob\Desktop\Github\WavRenameGladius\WavRenameGladius\WavRenameGladius.cpp(317,31): error C2143: syntax error: missing ';' before ':'
C:\Users\ob\Desktop\Github\WavRenameGladius\WavRenameGladius\WavRenameGladius.cpp(317,55): error C2143: syntax error: missing ';' before ')'
C:\Users\ob\Desktop\Github\WavRenameGladius\WavRenameGladius\WavRenameGladius.cpp(319,38): error C2530: 'name_str': references must be initialized
C:\Users\ob\Desktop\Github\WavRenameGladius\WavRenameGladius\WavRenameGladius.cpp(329,26): error C2065: 'outRandomEvents': undeclared identifier
C:\Users\ob\Desktop\Github\WavRenameGladius\WavRenameGladius\WavRenameGladius.cpp(330,17): error C3536: 'it_re': cannot be used before it is initialized
C:\Users\ob\Desktop\Github\WavRenameGladius\WavRenameGladius\WavRenameGladius.cpp(330,26): error C2065: 'outRandomEvents': undeclared identifier
C:\Users\ob\Desktop\Github\WavRenameGladius\WavRenameGladius\WavRenameGladius.cpp(339,30): error C2065: 'outCompoundEvents': undeclared identifier
C:\Users\ob\Desktop\Github\WavRenameGladius\WavRenameGladius\WavRenameGladius.cpp(340,21): error C3536: 'it_ce': cannot be used before it is initialized
C:\Users\ob\Desktop\Github\WavRenameGladius\WavRenameGladius\WavRenameGladius.cpp(340,30): error C2065: 'outCompoundEvents': undeclared identifier
C:\Users\ob\Desktop\Github\WavRenameGladius\WavRenameGladius\WavRenameGladius.cpp(356,17): error C2065: 'outNameToRename': undeclared identifier
C:\Users\ob\Desktop\Github\WavRenameGladius\WavRenameGladius\WavRenameGladius.cpp(364,13): error C2065: 'outNameToRename': undeclared identifier
C:\Users\ob\Desktop\Github\WavRenameGladius\WavRenameGladius\WavRenameGladius.cpp(379,25): error C2039: 'filesystem': is not a member of 'std'
      C:\Program Files\Microsoft Visual Studio\2022\Community\VC\Tools\MSVC\14.44.35207\include\iomanip(22,1):
      see declaration of 'std'
  
C:\Users\ob\Desktop\Github\WavRenameGladius\WavRenameGladius\WavRenameGladius.cpp(379,25): error C2878: 'filesystem': a namespace or class of this name does not exist
C:\Users\ob\Desktop\Github\WavRenameGladius\WavRenameGladius\WavRenameGladius.cpp(383,5): error C2653: 'fs': is not a class or namespace name
C:\Users\ob\Desktop\Github\WavRenameGladius\WavRenameGladius\WavRenameGladius.cpp(383,9): error C2065: 'directory_options': undeclared identifier
C:\Users\ob\Desktop\Github\WavRenameGladius\WavRenameGladius\WavRenameGladius.cpp(383,27): error C2146: syntax error: missing ';' before identifier 'scan_options'
C:\Users\ob\Desktop\Github\WavRenameGladius\WavRenameGladius\WavRenameGladius.cpp(383,27): error C2065: 'scan_options': undeclared identifier
C:\Users\ob\Desktop\Github\WavRenameGladius\WavRenameGladius\WavRenameGladius.cpp(383,42): error C2653: 'fs': is not a class or namespace name
C:\Users\ob\Desktop\Github\WavRenameGladius\WavRenameGladius\WavRenameGladius.cpp(383,65): error C2065: 'skip_permission_denied': undeclared identifier
C:\Users\ob\Desktop\Github\WavRenameGladius\WavRenameGladius\WavRenameGladius.cpp(385,34): error C2653: 'fs': is not a class or namespace name
C:\Users\ob\Desktop\Github\WavRenameGladius\WavRenameGladius\WavRenameGladius.cpp(385,22): error C2530: 'dir_entry': references must be initialized
C:\Users\ob\Desktop\Github\WavRenameGladius\WavRenameGladius\WavRenameGladius.cpp(385,22): error C3531: 'dir_entry': a symbol whose type contains 'auto' must have an initializer
C:\Users\ob\Desktop\Github\WavRenameGladius\WavRenameGladius\WavRenameGladius.cpp(385,32): error C2143: syntax error: missing ';' before ':'
C:\Users\ob\Desktop\Github\WavRenameGladius\WavRenameGladius\WavRenameGladius.cpp(385,77): error C2065: 'scan_options': undeclared identifier
C:\Users\ob\Desktop\Github\WavRenameGladius\WavRenameGladius\WavRenameGladius.cpp(385,38): error C3861: 'recursive_directory_iterator': identifier not found
C:\Users\ob\Desktop\Github\WavRenameGladius\WavRenameGladius\WavRenameGladius.cpp(385,94): error C2143: syntax error: missing ';' before ')'
C:\Users\ob\Desktop\Github\WavRenameGladius\WavRenameGladius\WavRenameGladius.cpp(393,19): error C2653: 'fs': is not a class or namespace name
C:\Users\ob\Desktop\Github\WavRenameGladius\WavRenameGladius\WavRenameGladius.cpp(393,13): error C4430: missing type specifier - int assumed. Note: C++ does not support default-int
C:\Users\ob\Desktop\Github\WavRenameGladius\WavRenameGladius\WavRenameGladius.cpp(393,27): error C2143: syntax error: missing ';' before '&'
C:\Users\ob\Desktop\Github\WavRenameGladius\WavRenameGladius\WavRenameGladius.cpp(393,29): error C2065: 'floPath': undeclared identifier
C:\Users\ob\Desktop\Github\WavRenameGladius\WavRenameGladius\WavRenameGladius.cpp(394,46): error C2065: 'floPath': undeclared identifier
C:\Users\ob\Desktop\Github\WavRenameGladius\WavRenameGladius\WavRenameGladius.cpp(396,13): error C2653: 'fs': is not a class or namespace name
C:\Users\ob\Desktop\Github\WavRenameGladius\WavRenameGladius\WavRenameGladius.cpp(396,22): error C2146: syntax error: missing ';' before identifier 'extractedDir'
C:\Users\ob\Desktop\Github\WavRenameGladius\WavRenameGladius\WavRenameGladius.cpp(396,22): error C2065: 'extractedDir': undeclared identifier
C:\Users\ob\Desktop\Github\WavRenameGladius\WavRenameGladius\WavRenameGladius.cpp(396,37): error C2065: 'floPath': undeclared identifier
C:\Users\ob\Desktop\Github\WavRenameGladius\WavRenameGladius\WavRenameGladius.cpp(397,18): error C2653: 'fs': is not a class or namespace name
C:\Users\ob\Desktop\Github\WavRenameGladius\WavRenameGladius\WavRenameGladius.cpp(397,29): error C2065: 'extractedDir': undeclared identifier
C:\Users\ob\Desktop\Github\WavRenameGladius\WavRenameGladius\WavRenameGladius.cpp(397,22): error C3861: 'exists': identifier not found
C:\Users\ob\Desktop\Github\WavRenameGladius\WavRenameGladius\WavRenameGladius.cpp(397,47): error C2653: 'fs': is not a class or namespace name
C:\Users\ob\Desktop\Github\WavRenameGladius\WavRenameGladius\WavRenameGladius.cpp(397,64): error C2065: 'extractedDir': undeclared identifier
C:\Users\ob\Desktop\Github\WavRenameGladius\WavRenameGladius\WavRenameGladius.cpp(397,51): error C3861: 'is_directory': identifier not found
C:\Users\ob\Desktop\Github\WavRenameGladius\WavRenameGladius\WavRenameGladius.cpp(398,67): error C2065: 'extractedDir': undeclared identifier
C:\Users\ob\Desktop\Github\WavRenameGladius\WavRenameGladius\WavRenameGladius.cpp(409,27): error C2065: 'floPath': undeclared identifier
C:\Users\ob\Desktop\Github\WavRenameGladius\WavRenameGladius\WavRenameGladius.cpp(410,62): error C2065: 'floPath': undeclared identifier
C:\Users\ob\Desktop\Github\WavRenameGladius\WavRenameGladius\WavRenameGladius.cpp(501,57): error C2065: 'extractedDir': undeclared identifier
C:\Users\ob\Desktop\Github\WavRenameGladius\WavRenameGladius\WavRenameGladius.cpp(506,41): error C2653: 'fs': is not a class or namespace name
C:\Users\ob\Desktop\Github\WavRenameGladius\WavRenameGladius\WavRenameGladius.cpp(506,24): error C2530: 'wav_file_entry': references must be initialized
C:\Users\ob\Desktop\Github\WavRenameGladius\WavRenameGladius\WavRenameGladius.cpp(506,24): error C3531: 'wav_file_entry': a symbol whose type contains 'auto' must have an initializer
C:\Users\ob\Desktop\Github\WavRenameGladius\WavRenameGladius\WavRenameGladius.cpp(506,39): error C2143: syntax error: missing ';' before ':'
C:\Users\ob\Desktop\Github\WavRenameGladius\WavRenameGladius\WavRenameGladius.cpp(506,64): error C2065: 'extractedDir': undeclared identifier
C:\Users\ob\Desktop\Github\WavRenameGladius\WavRenameGladius\WavRenameGladius.cpp(506,45): error C3861: 'directory_iterator': identifier not found
C:\Users\ob\Desktop\Github\WavRenameGladius\WavRenameGladius\WavRenameGladius.cpp(506,81): error C2143: syntax error: missing ';' before ')'
C:\Users\ob\Desktop\Github\WavRenameGladius\WavRenameGladius\WavRenameGladius.cpp(548,21): error C2653: 'fs': is not a class or namespace name
C:\Users\ob\Desktop\Github\WavRenameGladius\WavRenameGladius\WavRenameGladius.cpp(548,30): error C2146: syntax error: missing ';' before identifier 'newPath'
C:\Users\ob\Desktop\Github\WavRenameGladius\WavRenameGladius\WavRenameGladius.cpp(548,30): error C2065: 'newPath': undeclared identifier
C:\Users\ob\Desktop\Github\WavRenameGladius\WavRenameGladius\WavRenameGladius.cpp(551,60): error C2065: 'newPath': undeclared identifier
C:\Users\ob\Desktop\Github\WavRenameGladius\WavRenameGladius\WavRenameGladius.cpp(552,79): error C2065: 'newPath': undeclared identifier
C:\Users\ob\Desktop\Github\WavRenameGladius\WavRenameGladius\WavRenameGladius.cpp(554,108): error C2065: 'newPath': undeclared identifier
C:\Users\ob\Desktop\Github\WavRenameGladius\WavRenameGladius\WavRenameGladius.cpp(554,136): error C7732: expected an expression before ']'
C:\Users\ob\Desktop\Github\WavRenameGladius\WavRenameGladius\WavRenameGladius.cpp(554,79): error C2679: binary '[': no operator found which takes a right-hand operand of type 'int' (or there is no acceptable conversion)
      C:\Program Files\Microsoft Visual Studio\2022\Community\VC\Tools\MSVC\14.44.35207\include\map(345,18):
      could be 'int &std::map<std::wstring,int,std::less<std::wstring>,std::allocator<std::pair<const std::wstring,int>>>::operator [](const std::basic_string<wchar_t,std::char_traits<wchar_t>,std::allocator<wchar_t>> &)'
          C:\Users\ob\Desktop\Github\WavRenameGladius\WavRenameGladius\WavRenameGladius.cpp(554,79):
          'int &std::map<std::wstring,int,std::less<std::wstring>,std::allocator<std::pair<const std::wstring,int>>>::operator [](const std::basic_string<wchar_t,std::char_traits<wchar_t>,std::allocator<wchar_t>> &)': cannot convert argument 2 from 'int' to 'const std::basic_string<wchar_t,std::char_traits<wchar_t>,std::allocator<wchar_t>> &'
              C:\Users\ob\Desktop\Github\WavRenameGladius\WavRenameGladius\WavRenameGladius.cpp(554,136):
              Reason: cannot convert from 'int' to 'const std::basic_string<wchar_t,std::char_traits<wchar_t>,std::allocator<wchar_t>>'
              C:\Users\ob\Desktop\Github\WavRenameGladius\WavRenameGladius\WavRenameGladius.cpp(554,136):
              'std::basic_string<wchar_t,std::char_traits<wchar_t>,std::allocator<wchar_t>>::basic_string': no overloaded function could convert all the argument types
                  C:\Program Files\Microsoft Visual Studio\2022\Community\VC\Tools\MSVC\14.44.35207\include\xstring(768,5):
                  could be 'std::basic_string<wchar_t,std::char_traits<wchar_t>,std::allocator<wchar_t>>::basic_string(const _Elem *const )'
          with
          [
              _Elem=wchar_t
          ]
                      C:\Users\ob\Desktop\Github\WavRenameGladius\WavRenameGladius\WavRenameGladius.cpp(554,136):
                      'std::basic_string<wchar_t,std::char_traits<wchar_t>,std::allocator<wchar_t>>::basic_string(const _Elem *const )': cannot convert argument 1 from 'int' to 'const _Elem *const '
          with
          [
              _Elem=wchar_t
          ]
                          C:\Users\ob\Desktop\Github\WavRenameGladius\WavRenameGladius\WavRenameGladius.cpp(554,136):
                          Conversion from integral type to pointer type requires reinterpret_cast, C-style cast or parenthesized function-style cast
                  C:\Program Files\Microsoft Visual Studio\2022\Community\VC\Tools\MSVC\14.44.35207\include\xstring(1340,5):
                  or       'std::basic_string<wchar_t,std::char_traits<wchar_t>,std::allocator<wchar_t>>::basic_string(std::initializer_list<_Elem>,const _Alloc &)'
          with
          [
              _Elem=wchar_t,
              _Alloc=std::allocator<wchar_t>
          ]
                      C:\Users\ob\Desktop\Github\WavRenameGladius\WavRenameGladius\WavRenameGladius.cpp(554,136):
                      'std::basic_string<wchar_t,std::char_traits<wchar_t>,std::allocator<wchar_t>>::basic_string(std::initializer_list<_Elem>,const _Alloc &)': cannot convert argument 1 from 'int' to 'std::initializer_list<_Elem>'
          with
          [
              _Elem=wchar_t,
              _Alloc=std::allocator<wchar_t>
          ]
          and
          [
              _Elem=wchar_t
          ]
                          C:\Users\ob\Desktop\Github\WavRenameGladius\WavRenameGladius\WavRenameGladius.cpp(554,136):
                          Conversion requires a second user-defined-conversion operator or constructor
                  C:\Program Files\Microsoft Visual Studio\2022\Community\VC\Tools\MSVC\14.44.35207\include\xstring(798,5):
                  or       'std::basic_string<wchar_t,std::char_traits<wchar_t>,std::allocator<wchar_t>>::basic_string(_Iter,_Iter,const _Alloc &)'
          with
          [
              _Alloc=std::allocator<wchar_t>
          ]
                  C:\Users\ob\Desktop\Github\WavRenameGladius\WavRenameGladius\WavRenameGladius.cpp(554,136):
                  while trying to match the argument list '(int)'
      C:\Program Files\Microsoft Visual Studio\2022\Community\VC\Tools\MSVC\14.44.35207\include\map(174,18):
      or       'int &std::map<std::wstring,int,std::less<std::wstring>,std::allocator<std::pair<const std::wstring,int>>>::operator [](std::basic_string<wchar_t,std::char_traits<wchar_t>,std::allocator<wchar_t>> &&)'
          C:\Users\ob\Desktop\Github\WavRenameGladius\WavRenameGladius\WavRenameGladius.cpp(554,79):
          'int &std::map<std::wstring,int,std::less<std::wstring>,std::allocator<std::pair<const std::wstring,int>>>::operator [](std::basic_string<wchar_t,std::char_traits<wchar_t>,std::allocator<wchar_t>> &&)': cannot convert argument 2 from 'int' to 'std::basic_string<wchar_t,std::char_traits<wchar_t>,std::allocator<wchar_t>> &&'
              C:\Users\ob\Desktop\Github\WavRenameGladius\WavRenameGladius\WavRenameGladius.cpp(554,136):
              Reason: cannot convert from 'int' to 'std::basic_string<wchar_t,std::char_traits<wchar_t>,std::allocator<wchar_t>>'
              C:\Users\ob\Desktop\Github\WavRenameGladius\WavRenameGladius\WavRenameGladius.cpp(554,136):
              'std::basic_string<wchar_t,std::char_traits<wchar_t>,std::allocator<wchar_t>>::basic_string': no overloaded function could convert all the argument types
                  C:\Program Files\Microsoft Visual Studio\2022\Community\VC\Tools\MSVC\14.44.35207\include\xstring(768,5):
                  could be 'std::basic_string<wchar_t,std::char_traits<wchar_t>,std::allocator<wchar_t>>::basic_string(const _Elem *const )'
          with
          [
              _Elem=wchar_t
          ]
                      C:\Users\ob\Desktop\Github\WavRenameGladius\WavRenameGladius\WavRenameGladius.cpp(554,136):
                      'std::basic_string<wchar_t,std::char_traits<wchar_t>,std::allocator<wchar_t>>::basic_string(const _Elem *const )': cannot convert argument 1 from 'int' to 'const _Elem *const '
          with
          [
              _Elem=wchar_t
          ]
                          C:\Users\ob\Desktop\Github\WavRenameGladius\WavRenameGladius\WavRenameGladius.cpp(554,136):
                          Conversion from integral type to pointer type requires reinterpret_cast, C-style cast or parenthesized function-style cast
                  C:\Program Files\Microsoft Visual Studio\2022\Community\VC\Tools\MSVC\14.44.35207\include\xstring(1340,5):
                  or       'std::basic_string<wchar_t,std::char_traits<wchar_t>,std::allocator<wchar_t>>::basic_string(std::initializer_list<_Elem>,const _Alloc &)'
          with
          [
              _Elem=wchar_t,
              _Alloc=std::allocator<wchar_t>
          ]
                      C:\Users\ob\Desktop\Github\WavRenameGladius\WavRenameGladius\WavRenameGladius.cpp(554,136):
                      'std::basic_string<wchar_t,std::char_traits<wchar_t>,std::allocator<wchar_t>>::basic_string(std::initializer_list<_Elem>,const _Alloc &)': cannot convert argument 1 from 'int' to 'std::initializer_list<_Elem>'
          with
          [
              _Elem=wchar_t,
              _Alloc=std::allocator<wchar_t>
          ]
          and
          [
              _Elem=wchar_t
          ]
                          C:\Users\ob\Desktop\Github\WavRenameGladius\WavRenameGladius\WavRenameGladius.cpp(554,136):
                          Conversion requires a second user-defined-conversion operator or constructor
                  C:\Program Files\Microsoft Visual Studio\2022\Community\VC\Tools\MSVC\14.44.35207\include\xstring(798,5):
                  or       'std::basic_string<wchar_t,std::char_traits<wchar_t>,std::allocator<wchar_t>>::basic_string(_Iter,_Iter,const _Alloc &)'
          with
          [
              _Alloc=std::allocator<wchar_t>
          ]
                  C:\Users\ob\Desktop\Github\WavRenameGladius\WavRenameGladius\WavRenameGladius.cpp(554,136):
                  while trying to match the argument list '(int)'
      C:\Users\ob\Desktop\Github\WavRenameGladius\WavRenameGladius\WavRenameGladius.cpp(554,79):
      while trying to match the argument list '(std::map<std::wstring,int,std::less<std::wstring>,std::allocator<std::pair<const std::wstring,int>>>, int)'
  
C:\Users\ob\Desktop\Github\WavRenameGladius\WavRenameGladius\WavRenameGladius.cpp(559,25): error C2653: 'fs': is not a class or namespace name
C:\Users\ob\Desktop\Github\WavRenameGladius\WavRenameGladius\WavRenameGladius.cpp(559,36): error C2065: 'newPath': undeclared identifier
C:\Users\ob\Desktop\Github\WavRenameGladius\WavRenameGladius\WavRenameGladius.cpp(559,29): error C3861: 'exists': identifier not found
C:\Users\ob\Desktop\Github\WavRenameGladius\WavRenameGladius\WavRenameGladius.cpp(559,48): error C2065: 'newPath': undeclared identifier
C:\Users\ob\Desktop\Github\WavRenameGladius\WavRenameGladius\WavRenameGladius.cpp(560,63): error C2065: 'newPath': undeclared identifier
C:\Users\ob\Desktop\Github\WavRenameGladius\WavRenameGladius\WavRenameGladius.cpp(567,21): error C2653: 'fs': is not a class or namespace name
C:\Users\ob\Desktop\Github\WavRenameGladius\WavRenameGladius\WavRenameGladius.cpp(567,55): error C2065: 'newPath': undeclared identifier
C:\Users\ob\Desktop\Github\WavRenameGladius\WavRenameGladius\WavRenameGladius.cpp(567,25): error C2660: 'rename': function does not take 3 arguments
      C:\Program Files (x86)\Windows Kits\10\Include\10.0.26100.0\ucrt\stdio.h(374,26):
      see declaration of 'rename'
      C:\Users\ob\Desktop\Github\WavRenameGladius\WavRenameGladius\WavRenameGladius.cpp(567,25):
      while trying to match the argument list '()'
  
C:\Users\ob\Desktop\Github\WavRenameGladius\WavRenameGladius\WavRenameGladius.cpp(569,113): error C2065: 'newPath': undeclared identifier
C:\Users\ob\Desktop\Github\WavRenameGladius\WavRenameGladius\WavRenameGladius.cpp(573,106): error C2065: 'newPath': undeclared identifier
C:\Users\ob\Desktop\Github\WavRenameGladius\WavRenameGladius\WavRenameGladius.cpp(575,54): error C2065: 'newPath': undeclared identifier
C:\Users\ob\Desktop\Github\WavRenameGladius\WavRenameGladius\WavRenameGladius.cpp(575,82): error C7732: expected an expression before ']'
C:\Users\ob\Desktop\Github\WavRenameGladius\WavRenameGladius\WavRenameGladius.cpp(575,25): error C2679: binary '[': no operator found which takes a right-hand operand of type 'int' (or there is no acceptable conversion)
      C:\Program Files\Microsoft Visual Studio\2022\Community\VC\Tools\MSVC\14.44.35207\include\map(345,18):
      could be 'int &std::map<std::wstring,int,std::less<std::wstring>,std::allocator<std::pair<const std::wstring,int>>>::operator [](const std::basic_string<wchar_t,std::char_traits<wchar_t>,std::allocator<wchar_t>> &)'
          C:\Users\ob\Desktop\Github\WavRenameGladius\WavRenameGladius\WavRenameGladius.cpp(575,25):
          'int &std::map<std::wstring,int,std::less<std::wstring>,std::allocator<std::pair<const std::wstring,int>>>::operator [](const std::basic_string<wchar_t,std::char_traits<wchar_t>,std::allocator<wchar_t>> &)': cannot convert argument 2 from 'int' to 'const std::basic_string<wchar_t,std::char_traits<wchar_t>,std::allocator<wchar_t>> &'
              C:\Users\ob\Desktop\Github\WavRenameGladius\WavRenameGladius\WavRenameGladius.cpp(575,82):
              Reason: cannot convert from 'int' to 'const std::basic_string<wchar_t,std::char_traits<wchar_t>,std::allocator<wchar_t>>'
              C:\Users\ob\Desktop\Github\WavRenameGladius\WavRenameGladius\WavRenameGladius.cpp(575,82):
              'std::basic_string<wchar_t,std::char_traits<wchar_t>,std::allocator<wchar_t>>::basic_string': no overloaded function could convert all the argument types
                  C:\Program Files\Microsoft Visual Studio\2022\Community\VC\Tools\MSVC\14.44.35207\include\xstring(768,5):
                  could be 'std::basic_string<wchar_t,std::char_traits<wchar_t>,std::allocator<wchar_t>>::basic_string(const _Elem *const )'
          with
          [
              _Elem=wchar_t
          ]
                      C:\Users\ob\Desktop\Github\WavRenameGladius\WavRenameGladius\WavRenameGladius.cpp(575,82):
                      'std::basic_string<wchar_t,std::char_traits<wchar_t>,std::allocator<wchar_t>>::basic_string(const _Elem *const )': cannot convert argument 1 from 'int' to 'const _Elem *const '
          with
          [
              _Elem=wchar_t
          ]
                          C:\Users\ob\Desktop\Github\WavRenameGladius\WavRenameGladius\WavRenameGladius.cpp(575,82):
                          Conversion from integral type to pointer type requires reinterpret_cast, C-style cast or parenthesized function-style cast
                  C:\Program Files\Microsoft Visual Studio\2022\Community\VC\Tools\MSVC\14.44.35207\include\xstring(1340,5):
                  or       'std::basic_string<wchar_t,std::char_traits<wchar_t>,std::allocator<wchar_t>>::basic_string(std::initializer_list<_Elem>,const _Alloc &)'
          with
          [
              _Elem=wchar_t,
              _Alloc=std::allocator<wchar_t>
          ]
                      C:\Users\ob\Desktop\Github\WavRenameGladius\WavRenameGladius\WavRenameGladius.cpp(575,82):
                      'std::basic_string<wchar_t,std::char_traits<wchar_t>,std::allocator<wchar_t>>::basic_string(std::initializer_list<_Elem>,const _Alloc &)': cannot convert argument 1 from 'int' to 'std::initializer_list<_Elem>'
          with
          [
              _Elem=wchar_t,
              _Alloc=std::allocator<wchar_t>
          ]
          and
          [
              _Elem=wchar_t
          ]
                          C:\Users\ob\Desktop\Github\WavRenameGladius\WavRenameGladius\WavRenameGladius.cpp(575,82):
                          Conversion requires a second user-defined-conversion operator or constructor
                  C:\Program Files\Microsoft Visual Studio\2022\Community\VC\Tools\MSVC\14.44.35207\include\xstring(798,5):
                  or       'std::basic_string<wchar_t,std::char_traits<wchar_t>,std::allocator<wchar_t>>::basic_string(_Iter,_Iter,const _Alloc &)'
          with
          [
              _Alloc=std::allocator<wchar_t>
          ]
                  C:\Users\ob\Desktop\Github\WavRenameGladius\WavRenameGladius\WavRenameGladius.cpp(575,82):
                  while trying to match the argument list '(int)'
      C:\Program Files\Microsoft Visual Studio\2022\Community\VC\Tools\MSVC\14.44.35207\include\map(174,18):
      or       'int &std::map<std::wstring,int,std::less<std::wstring>,std::allocator<std::pair<const std::wstring,int>>>::operator [](std::basic_string<wchar_t,std::char_traits<wchar_t>,std::allocator<wchar_t>> &&)'
          C:\Users\ob\Desktop\Github\WavRenameGladius\WavRenameGladius\WavRenameGladius.cpp(575,25):
          'int &std::map<std::wstring,int,std::less<std::wstring>,std::allocator<std::pair<const std::wstring,int>>>::operator [](std::basic_string<wchar_t,std::char_traits<wchar_t>,std::allocator<wchar_t>> &&)': cannot convert argument 2 from 'int' to 'std::basic_string<wchar_t,std::char_traits<wchar_t>,std::allocator<wchar_t>> &&'
              C:\Users\ob\Desktop\Github\WavRenameGladius\WavRenameGladius\WavRenameGladius.cpp(575,82):
              Reason: cannot convert from 'int' to 'std::basic_string<wchar_t,std::char_traits<wchar_t>,std::allocator<wchar_t>>'
              C:\Users\ob\Desktop\Github\WavRenameGladius\WavRenameGladius\WavRenameGladius.cpp(575,82):
              'std::basic_string<wchar_t,std::char_traits<wchar_t>,std::allocator<wchar_t>>::basic_string': no overloaded function could convert all the argument types
                  C:\Program Files\Microsoft Visual Studio\2022\Community\VC\Tools\MSVC\14.44.35207\include\xstring(768,5):
                  could be 'std::basic_string<wchar_t,std::char_traits<wchar_t>,std::allocator<wchar_t>>::basic_string(const _Elem *const )'
          with
          [
              _Elem=wchar_t
          ]
                      C:\Users\ob\Desktop\Github\WavRenameGladius\WavRenameGladius\WavRenameGladius.cpp(575,82):
                      'std::basic_string<wchar_t,std::char_traits<wchar_t>,std::allocator<wchar_t>>::basic_string(const _Elem *const )': cannot convert argument 1 from 'int' to 'const _Elem *const '
          with
          [
              _Elem=wchar_t
          ]
                          C:\Users\ob\Desktop\Github\WavRenameGladius\WavRenameGladius\WavRenameGladius.cpp(575,82):
                          Conversion from integral type to pointer type requires reinterpret_cast, C-style cast or parenthesized function-style cast
                  C:\Program Files\Microsoft Visual Studio\2022\Community\VC\Tools\MSVC\14.44.35207\include\xstring(1340,5):
                  or       'std::basic_string<wchar_t,std::char_traits<wchar_t>,std::allocator<wchar_t>>::basic_string(std::initializer_list<_Elem>,const _Alloc &)'
          with
          [
              _Elem=wchar_t,
              _Alloc=std::allocator<wchar_t>
          ]
                      C:\Users\ob\Desktop\Github\WavRenameGladius\WavRenameGladius\WavRenameGladius.cpp(575,82):
                      'std::basic_string<wchar_t,std::char_traits<wchar_t>,std::allocator<wchar_t>>::basic_string(std::initializer_list<_Elem>,const _Alloc &)': cannot convert argument 1 from 'int' to 'std::initializer_list<_Elem>'
          with
          [
              _Elem=wchar_t,
              _Alloc=std::allocator<wchar_t>
          ]
          and
          [
              _Elem=wchar_t
          ]
                          C:\Users\ob\Desktop\Github\WavRenameGladius\WavRenameGladius\WavRenameGladius.cpp(575,82):
                          Conversion requires a second user-defined-conversion operator or constructor
                  C:\Program Files\Microsoft Visual Studio\2022\Community\VC\Tools\MSVC\14.44.35207\include\xstring(798,5):
                  or       'std::basic_string<wchar_t,std::char_traits<wchar_t>,std::allocator<wchar_t>>::basic_string(_Iter,_Iter,const _Alloc &)'
          with
          [
              _Alloc=std::allocator<wchar_t>
          ]
                  C:\Users\ob\Desktop\Github\WavRenameGladius\WavRenameGladius\WavRenameGladius.cpp(575,82):
                  while trying to match the argument list '(int)'
      C:\Users\ob\Desktop\Github\WavRenameGladius\WavRenameGladius\WavRenameGladius.cpp(575,25):
      while trying to match the argument list '(std::map<std::wstring,int,std::less<std::wstring>,std::allocator<std::pair<const std::wstring,int>>>, int)'
  
C:\Users\ob\Desktop\Github\WavRenameGladius\WavRenameGladius\WavRenameGladius.cpp(582,51): error C2065: 'floPath': undeclared identifier
C:\Users\ob\Desktop\Github\WavRenameGladius\WavRenameGladius\WavRenameGladius.cpp(616,28): error C3083: 'filesystem': the symbol to the left of a '::' must be a type
C:\Users\ob\Desktop\Github\WavRenameGladius\WavRenameGladius\WavRenameGladius.cpp(616,40): error C2039: 'exists': is not a member of 'std'
      C:\Program Files\Microsoft Visual Studio\2022\Community\VC\Tools\MSVC\14.44.35207\include\iomanip(22,1):
      see declaration of 'std'
  
C:\Users\ob\Desktop\Github\WavRenameGladius\WavRenameGladius\WavRenameGladius.cpp(616,40): error C1003: error count exceeds 100; stopping compilation
