  WavRenameGladius.cpp
C:\Program Files\Microsoft Visual Studio\2022\Community\VC\Tools\MSVC\14.41.34120\include\filesystem(12): warning STL4038: The contents of <filesystem> are available only with C++17 or later.
C:\Users\ob\source\repos\WavRenameGladius\WavRenameGladius\WavRenameGladius.cpp(40,34): error C3083: 'filesystem': the symbol to the left of a '::' must be a type
C:\Users\ob\source\repos\WavRenameGladius\WavRenameGladius\WavRenameGladius.cpp(40,46): error C2039: 'path': is not a member of 'std'
      C:\Program Files\Microsoft Visual Studio\2022\Community\VC\Tools\MSVC\14.41.34120\include\algorithm(258,1):
      see declaration of 'std'
  
C:\Users\ob\source\repos\WavRenameGladius\WavRenameGladius\WavRenameGladius.cpp(40,23): error C4430: missing type specifier - int assumed. Note: C++ does not support default-int
C:\Users\ob\source\repos\WavRenameGladius\WavRenameGladius\WavRenameGladius.cpp(40,50): error C2143: syntax error: missing ',' before '&'
C:\Users\ob\source\repos\WavRenameGladius\WavRenameGladius\WavRenameGladius.cpp(41,24): error C2065: 'p': undeclared identifier
C:\Users\ob\source\repos\WavRenameGladius\WavRenameGladius\WavRenameGladius.cpp(65,26): error C3083: 'filesystem': the symbol to the left of a '::' must be a type
C:\Users\ob\source\repos\WavRenameGladius\WavRenameGladius\WavRenameGladius.cpp(65,38): error C2039: 'path': is not a member of 'std'
      C:\Program Files\Microsoft Visual Studio\2022\Community\VC\Tools\MSVC\14.41.34120\include\algorithm(258,1):
      see declaration of 'std'
  
C:\Users\ob\source\repos\WavRenameGladius\WavRenameGladius\WavRenameGladius.cpp(65,15): error C4430: missing type specifier - int assumed. Note: C++ does not support default-int
C:\Users\ob\source\repos\WavRenameGladius\WavRenameGladius\WavRenameGladius.cpp(65,42): error C2143: syntax error: missing ',' before '&'
C:\Users\ob\source\repos\WavRenameGladius\WavRenameGladius\WavRenameGladius.cpp(66,22): error C2065: 'floPath': undeclared identifier
C:\Users\ob\source\repos\WavRenameGladius\WavRenameGladius\WavRenameGladius.cpp(77,14): error C2039: 'vector': is not a member of 'std'
      C:\Program Files\Microsoft Visual Studio\2022\Community\VC\Tools\MSVC\14.41.34120\include\algorithm(258,1):
      see declaration of 'std'
  
C:\Users\ob\source\repos\WavRenameGladius\WavRenameGladius\WavRenameGladius.cpp(77,14): error C2065: 'vector': undeclared identifier
C:\Users\ob\source\repos\WavRenameGladius\WavRenameGladius\WavRenameGladius.cpp(77,26): error C2275: 'std::string': expected an expression instead of a type
C:\Users\ob\source\repos\WavRenameGladius\WavRenameGladius\WavRenameGladius.cpp(77,34): error C2065: 'tokens': undeclared identifier
C:\Users\ob\source\repos\WavRenameGladius\WavRenameGladius\WavRenameGladius.cpp(84,13): error C2065: 'tokens': undeclared identifier
C:\Users\ob\source\repos\WavRenameGladius\WavRenameGladius\WavRenameGladius.cpp(86,13): error C2065: 'tokens': undeclared identifier
C:\Users\ob\source\repos\WavRenameGladius\WavRenameGladius\WavRenameGladius.cpp(87,29): error C2065: 'tokens': undeclared identifier
C:\Users\ob\source\repos\WavRenameGladius\WavRenameGladius\WavRenameGladius.cpp(88,28): error C2065: 'tokens': undeclared identifier
C:\Users\ob\source\repos\WavRenameGladius\WavRenameGladius\WavRenameGladius.cpp(91,9): error C2065: 'outMap': undeclared identifier
C:\Users\ob\source\repos\WavRenameGladius\WavRenameGladius\WavRenameGladius.cpp(98,25): error C2039: 'filesystem': is not a member of 'std'
      C:\Program Files\Microsoft Visual Studio\2022\Community\VC\Tools\MSVC\14.41.34120\include\algorithm(258,1):
      see declaration of 'std'
  
C:\Users\ob\source\repos\WavRenameGladius\WavRenameGladius\WavRenameGladius.cpp(98,25): error C2878: 'filesystem': a namespace or class of this name does not exist
C:\Users\ob\source\repos\WavRenameGladius\WavRenameGladius\WavRenameGladius.cpp(101,5): error C2653: 'fs': is not a class or namespace name
C:\Users\ob\source\repos\WavRenameGladius\WavRenameGladius\WavRenameGladius.cpp(101,9): error C2065: 'directory_options': undeclared identifier
C:\Users\ob\source\repos\WavRenameGladius\WavRenameGladius\WavRenameGladius.cpp(101,27): error C2146: syntax error: missing ';' before identifier 'opts'
C:\Users\ob\source\repos\WavRenameGladius\WavRenameGladius\WavRenameGladius.cpp(101,27): error C2065: 'opts': undeclared identifier
C:\Users\ob\source\repos\WavRenameGladius\WavRenameGladius\WavRenameGladius.cpp(101,34): error C2653: 'fs': is not a class or namespace name
C:\Users\ob\source\repos\WavRenameGladius\WavRenameGladius\WavRenameGladius.cpp(101,57): error C2065: 'skip_permission_denied': undeclared identifier
C:\Users\ob\source\repos\WavRenameGladius\WavRenameGladius\WavRenameGladius.cpp(102,20): error C2653: 'fs': is not a class or namespace name
C:\Users\ob\source\repos\WavRenameGladius\WavRenameGladius\WavRenameGladius.cpp(102,59): error C2065: 'opts': undeclared identifier
C:\Users\ob\source\repos\WavRenameGladius\WavRenameGladius\WavRenameGladius.cpp(102,24): error C3861: 'recursive_directory_iterator': identifier not found
C:\Users\ob\source\repos\WavRenameGladius\WavRenameGladius\WavRenameGladius.cpp(103,15): error C2653: 'fs': is not a class or namespace name
C:\Users\ob\source\repos\WavRenameGladius\WavRenameGladius\WavRenameGladius.cpp(103,19): error C3861: 'recursive_directory_iterator': identifier not found
C:\Users\ob\source\repos\WavRenameGladius\WavRenameGladius\WavRenameGladius.cpp(109,13): error C2653: 'fs': is not a class or namespace name
C:\Users\ob\source\repos\WavRenameGladius\WavRenameGladius\WavRenameGladius.cpp(109,17): error C2065: 'path': undeclared identifier
C:\Users\ob\source\repos\WavRenameGladius\WavRenameGladius\WavRenameGladius.cpp(109,22): error C2146: syntax error: missing ';' before identifier 'dir'
C:\Users\ob\source\repos\WavRenameGladius\WavRenameGladius\WavRenameGladius.cpp(109,22): error C2065: 'dir': undeclared identifier
C:\Users\ob\source\repos\WavRenameGladius\WavRenameGladius\WavRenameGladius.cpp(110,13): error C2653: 'fs': is not a class or namespace name
C:\Users\ob\source\repos\WavRenameGladius\WavRenameGladius\WavRenameGladius.cpp(110,17): error C2065: 'path': undeclared identifier
C:\Users\ob\source\repos\WavRenameGladius\WavRenameGladius\WavRenameGladius.cpp(110,22): error C2146: syntax error: missing ';' before identifier 'extracted'
C:\Users\ob\source\repos\WavRenameGladius\WavRenameGladius\WavRenameGladius.cpp(110,22): error C2065: 'extracted': undeclared identifier
C:\Users\ob\source\repos\WavRenameGladius\WavRenameGladius\WavRenameGladius.cpp(110,34): error C2065: 'dir': undeclared identifier
C:\Users\ob\source\repos\WavRenameGladius\WavRenameGladius\WavRenameGladius.cpp(111,18): error C2653: 'fs': is not a class or namespace name
C:\Users\ob\source\repos\WavRenameGladius\WavRenameGladius\WavRenameGladius.cpp(111,29): error C2065: 'extracted': undeclared identifier
C:\Users\ob\source\repos\WavRenameGladius\WavRenameGladius\WavRenameGladius.cpp(111,22): error C3861: 'exists': identifier not found
C:\Users\ob\source\repos\WavRenameGladius\WavRenameGladius\WavRenameGladius.cpp(111,44): error C2653: 'fs': is not a class or namespace name
C:\Users\ob\source\repos\WavRenameGladius\WavRenameGladius\WavRenameGladius.cpp(111,61): error C2065: 'extracted': undeclared identifier
C:\Users\ob\source\repos\WavRenameGladius\WavRenameGladius\WavRenameGladius.cpp(111,48): error C3861: 'is_directory': identifier not found
C:\Users\ob\source\repos\WavRenameGladius\WavRenameGladius\WavRenameGladius.cpp(116,18): error C2660: 'ParseFlo': function does not take 2 arguments
      C:\Users\ob\source\repos\WavRenameGladius\WavRenameGladius\WavRenameGladius.cpp(65,6):
      see declaration of 'ParseFlo'
      C:\Users\ob\source\repos\WavRenameGladius\WavRenameGladius\WavRenameGladius.cpp(116,18):
      while trying to match the argument list '()'
  
C:\Users\ob\source\repos\WavRenameGladius\WavRenameGladius\WavRenameGladius.cpp(121,30): error C2653: 'fs': is not a class or namespace name
C:\Users\ob\source\repos\WavRenameGladius\WavRenameGladius\WavRenameGladius.cpp(121,24): error C2530: 'wav': references must be initialized
C:\Users\ob\source\repos\WavRenameGladius\WavRenameGladius\WavRenameGladius.cpp(121,24): error C3531: 'wav': a symbol whose type contains 'auto' must have an initializer
C:\Users\ob\source\repos\WavRenameGladius\WavRenameGladius\WavRenameGladius.cpp(121,28): error C2143: syntax error: missing ';' before ':'
C:\Users\ob\source\repos\WavRenameGladius\WavRenameGladius\WavRenameGladius.cpp(121,53): error C2065: 'extracted': undeclared identifier
C:\Users\ob\source\repos\WavRenameGladius\WavRenameGladius\WavRenameGladius.cpp(121,34): error C3861: 'directory_iterator': identifier not found
C:\Users\ob\source\repos\WavRenameGladius\WavRenameGladius\WavRenameGladius.cpp(121,67): error C2143: syntax error: missing ';' before ')'
C:\Users\ob\source\repos\WavRenameGladius\WavRenameGladius\WavRenameGladius.cpp(136,21): error C2653: 'fs': is not a class or namespace name
C:\Users\ob\source\repos\WavRenameGladius\WavRenameGladius\WavRenameGladius.cpp(136,25): error C2065: 'path': undeclared identifier
C:\Users\ob\source\repos\WavRenameGladius\WavRenameGladius\WavRenameGladius.cpp(136,30): error C2146: syntax error: missing ';' before identifier 'newPath'
C:\Users\ob\source\repos\WavRenameGladius\WavRenameGladius\WavRenameGladius.cpp(136,30): error C2065: 'newPath': undeclared identifier
C:\Users\ob\source\repos\WavRenameGladius\WavRenameGladius\WavRenameGladius.cpp(137,21): error C2653: 'fs': is not a class or namespace name
C:\Users\ob\source\repos\WavRenameGladius\WavRenameGladius\WavRenameGladius.cpp(137,44): error C2065: 'newPath': undeclared identifier
C:\Users\ob\source\repos\WavRenameGladius\WavRenameGladius\WavRenameGladius.cpp(137,25): error C2660: 'rename': function does not take 3 arguments
      C:\Program Files (x86)\Windows Kits\10\Include\10.0.19041.0\ucrt\stdio.h(374,26):
      see declaration of 'rename'
      C:\Users\ob\source\repos\WavRenameGladius\WavRenameGladius\WavRenameGladius.cpp(137,25):
      while trying to match the argument list '()'
  
C:\Users\ob\source\repos\WavRenameGladius\WavRenameGladius\WavRenameGladius.cpp(139,55): error C2065: 'newPath': undeclared identifier
